INFO  20-12-17 17:07:17[restartedMain] [DemoApplication:55] - Starting DemoApplication on DESKTOP-KS3GBSF with PID 2816 (D:\PROJECT\Simgoak\workspace\simgokcheon-church\target\classes started by user in d:\PROJECT\Simgoak\workspace\simgokcheon-church)
INFO  20-12-17 17:07:17[restartedMain] [DemoApplication:655] - The following profiles are active: prod
INFO  20-12-17 17:07:17[restartedMain] [DevToolsPropertyDefaultsPostProcessor:225] - Devtools property defaults active! Set 'spring.devtools.add-properties' to 'false' to disable
INFO  20-12-17 17:07:17[restartedMain] [DevToolsPropertyDefaultsPostProcessor:225] - For additional web related logging consider setting the 'logging.level.web' property to 'DEBUG'
INFO  20-12-17 17:07:19[restartedMain] [TomcatWebServer:108] - Tomcat initialized with port(s): 8080 (http)
INFO  20-12-17 17:07:19[restartedMain] [Http11NioProtocol:173] - Initializing ProtocolHandler ["http-nio-8080"]
INFO  20-12-17 17:07:19[restartedMain] [StandardService:173] - Starting service [Tomcat]
INFO  20-12-17 17:07:19[restartedMain] [StandardEngine:173] - Starting Servlet engine: [Apache Tomcat/9.0.37]
INFO  20-12-17 17:07:19[restartedMain] [[/]:173] - Initializing Spring embedded WebApplicationContext
INFO  20-12-17 17:07:19[restartedMain] [ServletWebServerApplicationContext:285] - Root WebApplicationContext: initialization completed in 2246 ms
INFO  20-12-17 17:07:21[restartedMain] [DefaultSecurityFilterChain:43] - Creating filter chain: any request, [org.springframework.security.web.context.request.async.WebAsyncManagerIntegrationFilter@32ec67c3, org.springframework.security.web.context.SecurityContextPersistenceFilter@74cc196b, org.springframework.security.web.header.HeaderWriterFilter@708e843a, org.springframework.security.web.authentication.logout.LogoutFilter@2b797c40, org.springframework.security.oauth2.client.web.OAuth2AuthorizationRequestRedirectFilter@263c4836, org.springframework.security.oauth2.client.web.OAuth2LoginAuthenticationFilter@40e60f43, org.springframework.security.web.authentication.UsernamePasswordAuthenticationFilter@784a1e98, org.springframework.security.web.savedrequest.RequestCacheAwareFilter@12073b9, org.springframework.security.web.servletapi.SecurityContextHolderAwareRequestFilter@6a7d53b, org.springframework.security.web.authentication.AnonymousAuthenticationFilter@5b310cf5, org.springframework.security.web.session.SessionManagementFilter@41527931, org.springframework.security.web.access.ExceptionTranslationFilter@7d36e364, org.springframework.security.web.access.intercept.FilterSecurityInterceptor@5c115425]
INFO  20-12-17 17:07:21[restartedMain] [ThreadPoolTaskExecutor:181] - Initializing ExecutorService 'applicationTaskExecutor'
INFO  20-12-17 17:07:22[restartedMain] [OptionalLiveReloadServer:58] - LiveReload server is running on port 35729
INFO  20-12-17 17:07:22[restartedMain] [Http11NioProtocol:173] - Starting ProtocolHandler ["http-nio-8080"]
INFO  20-12-17 17:07:22[restartedMain] [TomcatWebServer:220] - Tomcat started on port(s): 8080 (http) with context path ''
INFO  20-12-17 17:07:22[restartedMain] [DemoApplication:61] - Started DemoApplication in 5.657 seconds (JVM running for 7.43)
INFO  20-12-17 17:38:10[restartedMain] [DemoApplication:55] - Starting DemoApplication on DESKTOP-KS3GBSF with PID 5764 (D:\PROJECT\Simgoak\workspace\simgokcheon-church\target\classes started by user in d:\PROJECT\Simgoak\workspace\simgokcheon-church)
INFO  20-12-17 17:38:10[restartedMain] [DemoApplication:655] - The following profiles are active: prod
INFO  20-12-17 17:38:10[restartedMain] [DevToolsPropertyDefaultsPostProcessor:225] - Devtools property defaults active! Set 'spring.devtools.add-properties' to 'false' to disable
INFO  20-12-17 17:38:10[restartedMain] [DevToolsPropertyDefaultsPostProcessor:225] - For additional web related logging consider setting the 'logging.level.web' property to 'DEBUG'
INFO  20-12-17 17:38:12[restartedMain] [TomcatWebServer:108] - Tomcat initialized with port(s): 8080 (http)
INFO  20-12-17 17:38:12[restartedMain] [Http11NioProtocol:173] - Initializing ProtocolHandler ["http-nio-8080"]
INFO  20-12-17 17:38:12[restartedMain] [StandardService:173] - Starting service [Tomcat]
INFO  20-12-17 17:38:12[restartedMain] [StandardEngine:173] - Starting Servlet engine: [Apache Tomcat/9.0.37]
INFO  20-12-17 17:38:12[restartedMain] [[/]:173] - Initializing Spring embedded WebApplicationContext
INFO  20-12-17 17:38:12[restartedMain] [ServletWebServerApplicationContext:285] - Root WebApplicationContext: initialization completed in 2250 ms
INFO  20-12-17 17:38:14[restartedMain] [DefaultSecurityFilterChain:43] - Creating filter chain: any request, [org.springframework.security.web.context.request.async.WebAsyncManagerIntegrationFilter@78809cc6, org.springframework.security.web.context.SecurityContextPersistenceFilter@61ad0920, org.springframework.security.web.header.HeaderWriterFilter@67034609, org.springframework.security.web.authentication.logout.LogoutFilter@74bce47f, org.springframework.security.oauth2.client.web.OAuth2AuthorizationRequestRedirectFilter@3df285ea, org.springframework.security.oauth2.client.web.OAuth2LoginAuthenticationFilter@116a4bc9, org.springframework.security.web.authentication.UsernamePasswordAuthenticationFilter@d827b7, org.springframework.security.web.savedrequest.RequestCacheAwareFilter@7337b63f, org.springframework.security.web.servletapi.SecurityContextHolderAwareRequestFilter@2b6447e9, org.springframework.security.web.authentication.AnonymousAuthenticationFilter@758acf05, org.springframework.security.web.session.SessionManagementFilter@15440594, org.springframework.security.web.access.ExceptionTranslationFilter@4c794dbb, org.springframework.security.web.access.intercept.FilterSecurityInterceptor@a721a95]
INFO  20-12-17 17:38:14[restartedMain] [ThreadPoolTaskExecutor:181] - Initializing ExecutorService 'applicationTaskExecutor'
INFO  20-12-17 17:38:14[restartedMain] [OptionalLiveReloadServer:58] - LiveReload server is running on port 35729
INFO  20-12-17 17:38:14[restartedMain] [Http11NioProtocol:173] - Starting ProtocolHandler ["http-nio-8080"]
INFO  20-12-17 17:38:15[restartedMain] [TomcatWebServer:220] - Tomcat started on port(s): 8080 (http) with context path ''
INFO  20-12-17 17:38:15[restartedMain] [DemoApplication:61] - Started DemoApplication in 5.253 seconds (JVM running for 6.976)
INFO  20-12-17 17:39:26[http-nio-8080-exec-1] [[/]:173] - Initializing Spring DispatcherServlet 'dispatcherServlet'
INFO  20-12-17 17:39:26[http-nio-8080-exec-1] [DispatcherServlet:525] - Initializing Servlet 'dispatcherServlet'
INFO  20-12-17 17:39:26[http-nio-8080-exec-1] [DispatcherServlet:547] - Completed initialization in 10 ms
INFO  20-12-17 17:39:26[http-nio-8080-exec-1] [MainController:22] - mainPage()
INFO  20-12-17 17:39:26[http-nio-8080-exec-1] [MainController:23] - username : sgcadmin
WARN  20-12-17 17:39:26[http-nio-8080-exec-1] [DecoratorProcessor:74] - The layout:decorator/data-layout-decorator processor has been deprecated and will be removed in the next major version of the layout dialect.  Please use layout:decorate/data-layout-decorate instead to future-proof your code.  See https://github.com/ultraq/thymeleaf-layout-dialect/issues/95 for more information.
WARN  20-12-17 17:39:27[http-nio-8080-exec-1] [ExpressionProcessor:75] - Fragment expression "layout/default_layout" is being wrapped as a Thymeleaf 3 fragment expression (~{...}) for backwards compatibility purposes.  This wrapping will be dropped in the next major version of the expression processor, so please rewrite as a Thymeleaf 3 fragment expression to future-proof your code.  See https://github.com/thymeleaf/thymeleaf/issues/451 for more information.
WARN  20-12-17 17:39:27[http-nio-8080-exec-1] [FragmentProcessor:75] - You don't need to put the layout:fragment/data-layout-fragment attribute into the <head> section - the decoration process will automatically copy the <head> section of your content templates into your layout page.
INFO  20-12-17 17:39:28[http-nio-8080-exec-2] [MainController:22] - mainPage()
INFO  20-12-17 17:39:28[http-nio-8080-exec-2] [MainController:23] - username : sgcadmin
INFO  20-12-17 17:41:05[Thread-6] [ThreadPoolTaskExecutor:218] - Shutting down ExecutorService 'applicationTaskExecutor'
