INFO  20-12-25 05:02:59[restartedMain] [DemoApplication:55] - Starting DemoApplication on DESKTOP-KS3GBSF with PID 15432 (D:\PROJECT\Simgoak\workspace\simgokcheon-church\target\classes started by user in d:\PROJECT\Simgoak\workspace\simgokcheon-church)
INFO  20-12-25 05:02:59[restartedMain] [DemoApplication:655] - The following profiles are active: prod
INFO  20-12-25 05:02:59[restartedMain] [DevToolsPropertyDefaultsPostProcessor:225] - Devtools property defaults active! Set 'spring.devtools.add-properties' to 'false' to disable
INFO  20-12-25 05:02:59[restartedMain] [DevToolsPropertyDefaultsPostProcessor:225] - For additional web related logging consider setting the 'logging.level.web' property to 'DEBUG'
INFO  20-12-25 05:03:01[restartedMain] [TomcatWebServer:108] - Tomcat initialized with port(s): 80 (http)
INFO  20-12-25 05:03:01[restartedMain] [Http11NioProtocol:173] - Initializing ProtocolHandler ["http-nio-80"]
INFO  20-12-25 05:03:01[restartedMain] [StandardService:173] - Starting service [Tomcat]
INFO  20-12-25 05:03:01[restartedMain] [StandardEngine:173] - Starting Servlet engine: [Apache Tomcat/9.0.37]
INFO  20-12-25 05:03:01[restartedMain] [[/]:173] - Initializing Spring embedded WebApplicationContext
INFO  20-12-25 05:03:01[restartedMain] [ServletWebServerApplicationContext:285] - Root WebApplicationContext: initialization completed in 1861 ms
INFO  20-12-25 05:03:02[restartedMain] [DefaultSecurityFilterChain:43] - Creating filter chain: any request, [org.springframework.security.web.context.request.async.WebAsyncManagerIntegrationFilter@5bd5ed42, org.springframework.security.web.context.SecurityContextPersistenceFilter@4e96f361, org.springframework.security.web.header.HeaderWriterFilter@1be979d5, org.springframework.security.web.authentication.logout.LogoutFilter@6ff2e645, org.springframework.security.oauth2.client.web.OAuth2AuthorizationRequestRedirectFilter@52af3987, org.springframework.security.oauth2.client.web.OAuth2LoginAuthenticationFilter@4f0f7bfe, org.springframework.security.web.authentication.UsernamePasswordAuthenticationFilter@3fe044f, org.springframework.security.web.savedrequest.RequestCacheAwareFilter@1c1c49b9, org.springframework.security.web.servletapi.SecurityContextHolderAwareRequestFilter@55fe5841, org.springframework.security.web.authentication.AnonymousAuthenticationFilter@110637b6, org.springframework.security.web.session.SessionManagementFilter@7afd38fb, org.springframework.security.web.access.ExceptionTranslationFilter@1a854737, org.springframework.security.web.access.intercept.FilterSecurityInterceptor@415251f0]
INFO  20-12-25 05:03:02[restartedMain] [ThreadPoolTaskExecutor:181] - Initializing ExecutorService 'applicationTaskExecutor'
INFO  20-12-25 05:03:03[restartedMain] [OptionalLiveReloadServer:58] - LiveReload server is running on port 35729
INFO  20-12-25 05:03:03[restartedMain] [Http11NioProtocol:173] - Starting ProtocolHandler ["http-nio-80"]
INFO  20-12-25 05:03:03[restartedMain] [TomcatWebServer:220] - Tomcat started on port(s): 80 (http) with context path ''
INFO  20-12-25 05:03:03[restartedMain] [DemoApplication:61] - Started DemoApplication in 5.318 seconds (JVM running for 7.307)
INFO  20-12-25 05:04:17[restartedMain] [DemoApplication:55] - Starting DemoApplication on DESKTOP-KS3GBSF with PID 25104 (D:\PROJECT\Simgoak\workspace\simgokcheon-church\target\classes started by user in d:\PROJECT\Simgoak\workspace\simgokcheon-church)
INFO  20-12-25 05:04:17[restartedMain] [DemoApplication:655] - The following profiles are active: prod
INFO  20-12-25 05:04:17[restartedMain] [DevToolsPropertyDefaultsPostProcessor:225] - Devtools property defaults active! Set 'spring.devtools.add-properties' to 'false' to disable
INFO  20-12-25 05:04:17[restartedMain] [DevToolsPropertyDefaultsPostProcessor:225] - For additional web related logging consider setting the 'logging.level.web' property to 'DEBUG'
INFO  20-12-25 05:04:19[restartedMain] [TomcatWebServer:108] - Tomcat initialized with port(s): 80 (http)
INFO  20-12-25 05:04:19[restartedMain] [Http11NioProtocol:173] - Initializing ProtocolHandler ["http-nio-80"]
INFO  20-12-25 05:04:19[restartedMain] [StandardService:173] - Starting service [Tomcat]
INFO  20-12-25 05:04:19[restartedMain] [StandardEngine:173] - Starting Servlet engine: [Apache Tomcat/9.0.37]
INFO  20-12-25 05:04:19[restartedMain] [[/]:173] - Initializing Spring embedded WebApplicationContext
INFO  20-12-25 05:04:19[restartedMain] [ServletWebServerApplicationContext:285] - Root WebApplicationContext: initialization completed in 1876 ms
INFO  20-12-25 05:04:20[restartedMain] [DefaultSecurityFilterChain:43] - Creating filter chain: any request, [org.springframework.security.web.context.request.async.WebAsyncManagerIntegrationFilter@765f568, org.springframework.security.web.context.SecurityContextPersistenceFilter@2a376682, org.springframework.security.web.header.HeaderWriterFilter@67ff7ed7, org.springframework.security.web.authentication.logout.LogoutFilter@7a63589e, org.springframework.security.oauth2.client.web.OAuth2AuthorizationRequestRedirectFilter@49489e04, org.springframework.security.oauth2.client.web.OAuth2LoginAuthenticationFilter@4e32fafc, org.springframework.security.web.authentication.UsernamePasswordAuthenticationFilter@a064ee4, org.springframework.security.web.savedrequest.RequestCacheAwareFilter@4f68dc2, org.springframework.security.web.servletapi.SecurityContextHolderAwareRequestFilter@562714e2, org.springframework.security.web.authentication.AnonymousAuthenticationFilter@4a6827a9, org.springframework.security.web.session.SessionManagementFilter@2248c575, org.springframework.security.web.access.ExceptionTranslationFilter@4d8fcff3, org.springframework.security.web.access.intercept.FilterSecurityInterceptor@33e76d67]
INFO  20-12-25 05:04:20[restartedMain] [ThreadPoolTaskExecutor:181] - Initializing ExecutorService 'applicationTaskExecutor'
INFO  20-12-25 05:04:21[restartedMain] [OptionalLiveReloadServer:58] - LiveReload server is running on port 35729
INFO  20-12-25 05:04:21[restartedMain] [Http11NioProtocol:173] - Starting ProtocolHandler ["http-nio-80"]
INFO  20-12-25 05:04:21[restartedMain] [TomcatWebServer:220] - Tomcat started on port(s): 80 (http) with context path ''
INFO  20-12-25 05:04:21[restartedMain] [DemoApplication:61] - Started DemoApplication in 4.935 seconds (JVM running for 6.69)
